Number of public or protected functions with QNativePointer API: 12


Class QScriptClass:
---------------------------------------------------------------------------------
newIterator(QScriptValue)
queryProperty(QScriptValue,QScriptString,QFlags<QScriptClass::QueryFlag>,uint*)
setProperty(QScriptValue&,QScriptString,uint,QScriptValue)


Class QScriptContextInfo:
---------------------------------------------------------------------------------
operator=(QScriptContextInfo)


Class QScriptProgram:
---------------------------------------------------------------------------------
operator=(QScriptProgram)


Class QScriptString:
---------------------------------------------------------------------------------
operator=(QScriptString)
toArrayIndex(bool*)const


Class QScriptSyntaxCheckResult:
---------------------------------------------------------------------------------
operator=(QScriptSyntaxCheckResult)


Class QScriptValue:
---------------------------------------------------------------------------------
QScriptValue(QScriptEngine*,const char*)
QScriptValue(const char*)
operator=(QScriptValue)


Class QScriptValueIterator:
---------------------------------------------------------------------------------
operator=(QScriptValue&)
