************************************************************************
Not in type system
 - JObject_key
 - JambiResourceBrowser
 - QAbstractAudioDeviceInfo
 - QAbstractAudioInput
 - QAbstractAudioOutput
 - QAbstractButton
 - QAbstractConcatenable
 - QAbstractExtensionFactory
 - QAbstractExtensionManager
 - QAbstractFormBuilder
 - QAbstractGraphicsShapeItem
 - QAbstractItemDelegate
 - QAbstractItemView
 - QAbstractMessageHandler
 - QAbstractNetworkCache
 - QAbstractPageSetupDialog
 - QAbstractPrintDialog
 - QAbstractProxyModel
 - QAbstractScrollArea
 - QAbstractSlider
 - QAbstractSocket
 - QAbstractSpinBox
 - QAbstractTableModel
 - QAbstractTextDocumentLayout
 - QAbstractUndoItem
 - QAbstractUriResolver
 - QAbstractVideoBuffer
 - QAbstractVideoSurface
 - QAbstractXmlNodeModel
 - QAbstractXmlReceiver
 - QAccessible
 - QAccessible2Interface
 - QAccessibleActionInterface
 - QAccessibleApplication
 - QAccessibleBridge
 - QAccessibleBridgeFactoryInterface
 - QAccessibleBridgePlugin
 - QAccessibleEditableTextInterface
 - QAccessibleEvent
 - QAccessibleFactoryInterface
 - QAccessibleImageInterface
 - QAccessibleInterface
 - QAccessibleInterfaceEx
 - QAccessibleObject
 - QAccessibleObjectEx
 - QAccessiblePlugin
 - QAccessibleSimpleEditableTextInterface
 - QAccessibleTableInterface
 - QAccessibleTextInterface
 - QAccessibleValueInterface
 - QAccessibleWidget
 - QAccessibleWidgetEx
 - QAction
 - QActionEvent
 - QActionGroup
 - QApplication
 - QAudioDeviceInfo
 - QAudioEngineFactoryInterface
 - QAudioEnginePlugin
 - QAudioFormat
 - QAudioInput
 - QAudioOutput
 - QAuthenticator
 - QBitmap
 - QBoxLayout
 - QBrush
 - QBrushData
 - QButtonGroup
 - QCDEStyle
 - QCalendarWidget
 - QCheckBox
 - QCleanlooksStyle
 - QClipboard
 - QClipboardEvent
 - QCloseEvent
 - QColor
 - QColorDialog
 - QColormap
 - QColumnView
 - QComboBox
 - QCommandLinkButton
 - QCommonStyle
 - QCompleter
 - QConicalGradient
 - QContextMenuEvent
 - QCursor
 - QDataWidgetMapper
 - QDateEdit
 - QDateTimeEdit
 - QDesignerActionEditorInterface
 - QDesignerBrushManagerInterface
 - QDesignerContainerExtension
 - QDesignerCustomWidgetCollectionInterface
 - QDesignerCustomWidgetInterface
 - QDesignerDnDItemInterface
 - QDesignerDynamicPropertySheetExtension
 - QDesignerExtraInfoExtension
 - QDesignerFormEditorInterface
 - QDesignerFormEditorPluginInterface
 - QDesignerFormWindowCursorInterface
 - QDesignerFormWindowInterface
 - QDesignerFormWindowManagerInterface
 - QDesignerFormWindowToolInterface
 - QDesignerIconCacheInterface
 - QDesignerIntegrationInterface
 - QDesignerLanguageExtension
 - QDesignerLayoutDecorationExtension
 - QDesignerMemberSheetExtension
 - QDesignerMetaDataBaseInterface
 - QDesignerMetaDataBaseItemInterface
 - QDesignerObjectInspectorInterface
 - QDesignerPromotionInterface
 - QDesignerPropertyEditorInterface
 - QDesignerPropertySheetExtension
 - QDesignerResourceBrowserInterface
 - QDesignerTaskMenuExtension
 - QDesignerWidgetBoxInterface
 - QDesignerWidgetDataBaseInterface
 - QDesignerWidgetDataBaseItemInterface
 - QDesignerWidgetFactoryInterface
 - QDesktopServices
 - QDesktopWidget
 - QDial
 - QDialog
 - QDialogButtonBox
 - QDirModel
 - QDockWidget
 - QDomAttr
 - QDomCDATASection
 - QDomCharacterData
 - QDomComment
 - QDomDocument
 - QDomDocumentFragment
 - QDomDocumentType
 - QDomElement
 - QDomEntity
 - QDomEntityReference
 - QDomImplementation
 - QDomNamedNodeMap
 - QDomNode
 - QDomNodeList
 - QDomNotation
 - QDomProcessingInstruction
 - QDomText
 - QDoubleSpinBox
 - QDoubleValidator
 - QDrag
 - QDragEnterEvent
 - QDragLeaveEvent
 - QDragMoveEvent
 - QDragResponseEvent
 - QDropEvent
 - QErrorMessage
 - QExtensionManager
 - QFileDialog
 - QFileIconProvider
 - QFileOpenEvent
 - QFileSystemModel
 - QFocusEvent
 - QFocusFrame
 - QFont
 - QFontComboBox
 - QFontDatabase
 - QFontDialog
 - QFontInfo
 - QFontMetrics
 - QFontMetricsF
 - QFormBuilder
 - QFormLayout
 - QFrame
 - QFtp
 - QGLColormap
 - QGLContext
 - QGLFormat
 - QGLFramebufferObject
 - QGLFramebufferObjectFormat
 - QGLPixelBuffer
 - QGLShader
 - QGLShaderProgram
 - QGLWidget
 - QGenericMatrix
 - QGesture
 - QGestureEvent
 - QGestureRecognizer
 - QGradient
 - QGraphicsAnchor
 - QGraphicsAnchorLayout
 - QGraphicsBlurEffect
 - QGraphicsColorizeEffect
 - QGraphicsDropShadowEffect
 - QGraphicsEffect
 - QGraphicsEllipseItem
 - QGraphicsGridLayout
 - QGraphicsItem
 - QGraphicsItemAnimation
 - QGraphicsItemGroup
 - QGraphicsLayout
 - QGraphicsLayoutItem
 - QGraphicsLineItem
 - QGraphicsLinearLayout
 - QGraphicsObject
 - QGraphicsOpacityEffect
 - QGraphicsPathItem
 - QGraphicsPixmapItem
 - QGraphicsPolygonItem
 - QGraphicsProxyWidget
 - QGraphicsRectItem
 - QGraphicsRotation
 - QGraphicsScale
 - QGraphicsScene
 - QGraphicsSceneContextMenuEvent
 - QGraphicsSceneDragDropEvent
 - QGraphicsSceneEvent
 - QGraphicsSceneHelpEvent
 - QGraphicsSceneHoverEvent
 - QGraphicsSceneMouseEvent
 - QGraphicsSceneMoveEvent
 - QGraphicsSceneResizeEvent
 - QGraphicsSceneWheelEvent
 - QGraphicsSimpleTextItem
 - QGraphicsSvgItem
 - QGraphicsTextItem
 - QGraphicsTransform
 - QGraphicsView
 - QGraphicsWebView
 - QGraphicsWidget
 - QGridLayout
 - QGroupBox
 - QGtkStyle
 - QGuiSignalMapper
 - QHBoxLayout
 - QHeaderView
 - QHelpContentItem
 - QHelpContentModel
 - QHelpContentWidget
 - QHelpEngine
 - QHelpEngineCore
 - QHelpEvent
 - QHelpGlobal
 - QHelpIndexModel
 - QHelpIndexWidget
 - QHelpSearchEngine
 - QHelpSearchQuery
 - QHelpSearchQueryWidget
 - QHelpSearchResultWidget
 - QHideEvent
 - QHostAddress
 - QHostInfo
 - QHoverEvent
 - QHttp
 - QHttpHeader
 - QHttpRequestHeader
 - QHttpResponseHeader
 - QIPv6Address
 - QIcon
 - QIconDragEvent
 - QIconEngine
 - QIconEngineFactoryInterface
 - QIconEngineFactoryInterfaceV2
 - QIconEnginePlugin
 - QIconEnginePluginV2
 - QIconEngineV2
 - QImage
 - QImageIOHandler
 - QImageIOHandlerFactoryInterface
 - QImageIOPlugin
 - QImageReader
 - QImageTextKeyLang
 - QImageWriter
 - QInputContext
 - QInputContextFactory
 - QInputContextFactoryInterface
 - QInputContextPlugin
 - QInputDialog
 - QInputEvent
 - QInputMethodEvent
 - QIntValidator
 - QItemDelegate
 - QItemEditorCreator
 - QItemEditorCreatorBase
 - QItemEditorFactory
 - QItemSelection
 - QItemSelectionModel
 - QItemSelectionRange
 - QKeyEvent
 - QKeyEventTransition
 - QKeySequence
 - QLCDNumber
 - QLabel
 - QLayout
 - QLayoutItem
 - QLine
 - QLineEdit
 - QLineF
 - QLinearGradient
 - QListView
 - QListWidget
 - QListWidgetItem
 - QLocalServer
 - QLocalSocket
 - QMainWindow
 - QMatrix
 - QMatrix4x4
 - QMdiArea
 - QMdiSubWindow
 - QMenu
 - QMenuBar
 - QMessageBox
 - QMimeSource
 - QMotifStyle
 - QMouseEvent
 - QMouseEventTransition
 - QMoveEvent
 - QMovie
 - QNetworkAccessManager
 - QNetworkAddressEntry
 - QNetworkCacheMetaData
 - QNetworkCookie
 - QNetworkCookieJar
 - QNetworkDiskCache
 - QNetworkInterface
 - QNetworkProxy
 - QNetworkProxyFactory
 - QNetworkProxyQuery
 - QNetworkReply
 - QNetworkRequest
 - QPageSetupDialog
 - QPaintDevice
 - QPaintEngine
 - QPaintEngineState
 - QPaintEvent
 - QPainter
 - QPainterPath
 - QPainterPathPrivate
 - QPainterPathStroker
 - QPalette
 - QPanGesture
 - QPen
 - QPicture
 - QPictureFormatInterface
 - QPictureFormatPlugin
 - QPictureIO
 - QPinchGesture
 - QPixmap
 - QPixmapCache
 - QPlainTextDocumentLayout
 - QPlainTextEdit
 - QPlastiqueStyle
 - QPolygon
 - QPolygonF
 - QPrintDialog
 - QPrintEngine
 - QPrintPreviewDialog
 - QPrintPreviewWidget
 - QPrinter
 - QPrinterInfo
 - QProgressBar
 - QProgressDialog
 - QProxyModel
 - QProxyStyle
 - QPushButton
 - QQuaternion
 - QRadialGradient
 - QRadioButton
 - QRegExpValidator
 - QRegion
 - QResizeEvent
 - QRubberBand
 - QS60Style
 - QScriptEngineDebugger
 - QScrollArea
 - QScrollBar
 - QSessionManager
 - QShortcut
 - QShortcutEvent
 - QShowEvent
 - QSimpleXmlNodeModel
 - QSizeGrip
 - QSizePolicy
 - QSlider
 - QSortFilterProxyModel
 - QSound
 - QSourceLocation
 - QSpacerItem
 - QSpinBox
 - QSplashScreen
 - QSplitter
 - QSplitterHandle
 - QSqlDatabase
 - QSqlDriver
 - QSqlDriverCreator
 - QSqlDriverCreatorBase
 - QSqlDriverFactoryInterface
 - QSqlDriverPlugin
 - QSqlError
 - QSqlField
 - QSqlIndex
 - QSqlQuery
 - QSqlQueryModel
 - QSqlRecord
 - QSqlRelation
 - QSqlRelationalTableModel
 - QSqlResult
 - QSqlTableModel
 - QSslCertificate
 - QSslCipher
 - QSslConfiguration
 - QSslError
 - QSslKey
 - QSslSocket
 - QStackedLayout
 - QStackedWidget
 - QStandardItem
 - QStandardItemEditorCreator
 - QStandardItemModel
 - QStatusBar
 - QStatusTipEvent
 - QStringListModel
 - QStyle
 - QStyleFactory
 - QStyleFactoryInterface
 - QStyleHintReturn
 - QStyleHintReturnMask
 - QStyleHintReturnVariant
 - QStyleOption
 - QStyleOptionButton
 - QStyleOptionComboBox
 - QStyleOptionComplex
 - QStyleOptionDockWidget
 - QStyleOptionDockWidgetV2
 - QStyleOptionFocusRect
 - QStyleOptionFrame
 - QStyleOptionFrameV2
 - QStyleOptionFrameV3
 - QStyleOptionGraphicsItem
 - QStyleOptionGroupBox
 - QStyleOptionHeader
 - QStyleOptionMenuItem
 - QStyleOptionProgressBar
 - QStyleOptionProgressBarV2
 - QStyleOptionQ3DockWindow
 - QStyleOptionQ3ListView
 - QStyleOptionQ3ListViewItem
 - QStyleOptionRubberBand
 - QStyleOptionSizeGrip
 - QStyleOptionSlider
 - QStyleOptionSpinBox
 - QStyleOptionTab
 - QStyleOptionTabBarBase
 - QStyleOptionTabBarBaseV2
 - QStyleOptionTabV2
 - QStyleOptionTabV3
 - QStyleOptionTabWidgetFrame
 - QStyleOptionTabWidgetFrameV2
 - QStyleOptionTitleBar
 - QStyleOptionToolBar
 - QStyleOptionToolBox
 - QStyleOptionToolBoxV2
 - QStyleOptionToolButton
 - QStyleOptionViewItem
 - QStyleOptionViewItemV2
 - QStyleOptionViewItemV3
 - QStyleOptionViewItemV4
 - QStylePainter
 - QStylePlugin
 - QStyledItemDelegate
 - QSvgGenerator
 - QSvgRenderer
 - QSvgWidget
 - QSwipeGesture
 - QSyntaxHighlighter
 - QSystemTrayIcon
 - QTabBar
 - QTabWidget
 - QTableView
 - QTableWidget
 - QTableWidgetItem
 - QTableWidgetSelectionRange
 - QTabletEvent
 - QTapAndHoldGesture
 - QTapGesture
 - QTcpServer
 - QTcpSocket
 - QTextBlock
 - QTextBlockFormat
 - QTextBlockGroup
 - QTextBlockUserData
 - QTextBrowser
 - QTextCharFormat
 - QTextCodecFactoryInterface
 - QTextCodecPlugin
 - QTextCursor
 - QTextDocument
 - QTextDocumentFragment
 - QTextDocumentWriter
 - QTextEdit
 - QTextFormat
 - QTextFragment
 - QTextFrame
 - QTextFrameFormat
 - QTextFrameLayoutData
 - QTextImageFormat
 - QTextInlineObject
 - QTextItem
 - QTextLayout
 - QTextLength
 - QTextLine
 - QTextList
 - QTextListFormat
 - QTextObject
 - QTextObjectInterface
 - QTextOption
 - QTextTable
 - QTextTableCell
 - QTextTableCellFormat
 - QTextTableFormat
 - QTileRules
 - QTimeEdit
 - QToolBar
 - QToolBarChangeEvent
 - QToolBox
 - QToolButton
 - QToolTip
 - QTouchEvent
 - QTransform
 - QTreeModel
 - QTreeView
 - QTreeWidget
 - QTreeWidgetItem
 - QTreeWidgetItemIterator
 - QUdpSocket
 - QUndoCommand
 - QUndoGroup
 - QUndoStack
 - QUndoView
 - QUpdateLaterEvent
 - QUrlInfo
 - QVBoxLayout
 - QVFbHeader
 - QValidator
 - QVector2D
 - QVector3D
 - QVector4D
 - QVideoFrame
 - QVideoSurfaceFormat
 - QWSEmbedWidget
 - QWebDatabase
 - QWebElement
 - QWebElementCollection
 - QWebFrame
 - QWebHistory
 - QWebHistoryInterface
 - QWebHistoryItem
 - QWebHitTestResult
 - QWebInspector
 - QWebPage
 - QWebPluginFactory
 - QWebSecurityOrigin
 - QWebSettings
 - QWebView
 - QWhatsThis
 - QWhatsThisClickedEvent
 - QWheelEvent
 - QWidget
 - QWidgetAction
 - QWidgetData
 - QWidgetItem
 - QWidgetItemV2
 - QWindowStateChangeEvent
 - QWindowsCEStyle
 - QWindowsMobileStyle
 - QWindowsStyle
 - QWindowsVistaStyle
 - QWindowsXPStyle
 - QWizard
 - QWizardPage
 - QWorkspace
 - QXmlAttributes
 - QXmlContentHandler
 - QXmlDTDHandler
 - QXmlDeclHandler
 - QXmlDefaultHandler
 - QXmlEntityResolver
 - QXmlErrorHandler
 - QXmlFormatter
 - QXmlInputSource
 - QXmlItem
 - QXmlLexicalHandler
 - QXmlLocator
 - QXmlName
 - QXmlNamePool
 - QXmlNamespaceSupport
 - QXmlNodeModelIndex
 - QXmlParseException
 - QXmlQuery
 - QXmlReader
 - QXmlResultItems
 - QXmlSchema
 - QXmlSchemaValidator
 - QXmlSerializer
 - QXmlSimpleReader
 - QXmlStreamAttribute
 - QXmlStreamAttributes
 - QXmlStreamEntityDeclaration
 - QXmlStreamNamespaceDeclaration
 - QXmlStreamNotationDeclaration
 - QXmlStreamReader
 - QXmlStreamWriter
 - QtJambiTextObjectInterface
************************************************************************

************************************************************************
Generation disabled by type system
 - QAbstractFileEngine::ExtensionOption
 - QAbstractFileEngine::ExtensionReturn
 - QAlgorithmsPrivate
 - QAtomicInt
 - QAtomicPointer
 - QBasicAtomicInt
 - QBasicAtomicPointer
 - QBitRef
 - QByteArray::Data
 - QByteArrayMatcher::Data
 - QCache
 - QChar
 - QCharRef
 - QConcatenable
 - QContiguousCache
 - QContiguousCacheData
 - QContiguousCacheTypedData
 - QDebug
 - QExplicitlySharedDataPointer
 - QFlag
 - QFlags
 - QForeachContainer
 - QForeachContainerBase
 - QFuture::const_iterator
 - QFutureInterface
 - QFutureInterfaceBase
 - QGlobalStatic
 - QGlobalStaticDeleter
 - QHash
 - QHashData
 - QHashDummyNode
 - QHashDummyValue
 - QHashIterator
 - QHashNode
 - QIncompatibleFlag
 - QIntegerForSizeof
 - QInternal
 - QLatin1Char
 - QLatin1Literal
 - QLatin1String
 - QLibrary
 - QLinkedList
 - QLinkedListData
 - QLinkedListIterator
 - QLinkedListNode
 - QList::Node
 - QList::const_iterator
 - QList::iterator
 - QListData
 - QListIterator
 - QLocale::Data
 - QMap
 - QMapData
 - QMapIterator
 - QMapNode
 - QMapPayloadNode
 - QMdi
 - QMetaClassInfo
 - QMetaEnum
 - QMetaMethod
 - QMetaProperty
 - QMetaType
 - QMetaTypeId
 - QMetaTypeId2
 - QModelIndex
 - QMultiHash
 - QMultiMap
 - QMutableHashIterator
 - QMutableLinkedListIterator
 - QMutableListIterator
 - QMutableMapIterator
 - QMutableSetIterator
 - QMutableVectorIterator
 - QMutexLocker
 - QNoDebug
 - QObjectCleanupHandler
 - QObjectData
 - QObjectUserData
 - QPluginLoader
 - QPointer
 - QReadLocker
 - QResource
 - QScopedArrayPointer
 - QScopedPointer
 - QScopedPointerArrayDeleter
 - QScopedPointerDeleter
 - QScopedPointerPodDeleter
 - QSet
 - QSetIterator
 - QSharedData
 - QSharedDataPointer
 - QSharedMemory
 - QSharedPointer
 - QStack
 - QString
 - QStringBuilder
 - QStringMatcher::Data
 - QStringRef
 - QSysInfo
 - QTextStreamManipulator
 - QThreadStorage
 - QThreadStorageData
 - QTypeInfo
 - QVFbKeyData
 - QVarLengthArray
 - QVariant
 - QVariantComparisonHelper
 - QVectorData
 - QVectorIterator
 - QVectorTypedData
 - QWeakPointer
 - QWriteLocker
 - QXmlStreamStringRef
 - QtConcurrent::BlockSizeManager
 - QtConcurrent::ConstMemberFunctionWrapper
 - QtConcurrent::Exception
 - QtConcurrent::FilterKernel
 - QtConcurrent::FilteredEachKernel
 - QtConcurrent::FilteredReducedKernel
 - QtConcurrent::FunctionWrapper0
 - QtConcurrent::FunctionWrapper1
 - QtConcurrent::FunctionWrapper2
 - QtConcurrent::IntermediateResults
 - QtConcurrent::IterateKernel
 - QtConcurrent::MapKernel
 - QtConcurrent::MappedEachKernel
 - QtConcurrent::MappedReducedKernel
 - QtConcurrent::Median
 - QtConcurrent::MemberFunctionWrapper
 - QtConcurrent::MemberFunctionWrapper1
 - QtConcurrent::ReduceKernel
 - QtConcurrent::ResultItem
 - QtConcurrent::ResultIterator
 - QtConcurrent::ResultIteratorBase
 - QtConcurrent::ResultReporter
 - QtConcurrent::ResultStore
 - QtConcurrent::ResultStoreBase
 - QtConcurrent::RunFunctionTask
 - QtConcurrent::RunFunctionTaskBase
 - QtConcurrent::SelectSpecialization
 - QtConcurrent::SelectStoredConstMemberFunctionCall0
 - QtConcurrent::SelectStoredConstMemberFunctionCall1
 - QtConcurrent::SelectStoredConstMemberFunctionCall2
 - QtConcurrent::SelectStoredConstMemberFunctionCall3
 - QtConcurrent::SelectStoredConstMemberFunctionCall4
 - QtConcurrent::SelectStoredConstMemberFunctionCall5
 - QtConcurrent::SelectStoredConstMemberFunctionPointerCall0
 - QtConcurrent::SelectStoredConstMemberFunctionPointerCall1
 - QtConcurrent::SelectStoredConstMemberFunctionPointerCall2
 - QtConcurrent::SelectStoredConstMemberFunctionPointerCall3
 - QtConcurrent::SelectStoredConstMemberFunctionPointerCall4
 - QtConcurrent::SelectStoredConstMemberFunctionPointerCall5
 - QtConcurrent::SelectStoredFunctorCall0
 - QtConcurrent::SelectStoredFunctorCall1
 - QtConcurrent::SelectStoredFunctorCall2
 - QtConcurrent::SelectStoredFunctorCall3
 - QtConcurrent::SelectStoredFunctorCall4
 - QtConcurrent::SelectStoredFunctorCall5
 - QtConcurrent::SelectStoredFunctorPointerCall0
 - QtConcurrent::SelectStoredFunctorPointerCall1
 - QtConcurrent::SelectStoredFunctorPointerCall2
 - QtConcurrent::SelectStoredFunctorPointerCall3
 - QtConcurrent::SelectStoredFunctorPointerCall4
 - QtConcurrent::SelectStoredFunctorPointerCall5
 - QtConcurrent::SelectStoredMemberFunctionCall0
 - QtConcurrent::SelectStoredMemberFunctionCall1
 - QtConcurrent::SelectStoredMemberFunctionCall2
 - QtConcurrent::SelectStoredMemberFunctionCall3
 - QtConcurrent::SelectStoredMemberFunctionCall4
 - QtConcurrent::SelectStoredMemberFunctionCall5
 - QtConcurrent::SelectStoredMemberFunctionPointerCall0
 - QtConcurrent::SelectStoredMemberFunctionPointerCall1
 - QtConcurrent::SelectStoredMemberFunctionPointerCall2
 - QtConcurrent::SelectStoredMemberFunctionPointerCall3
 - QtConcurrent::SelectStoredMemberFunctionPointerCall4
 - QtConcurrent::SelectStoredMemberFunctionPointerCall5
 - QtConcurrent::SequenceHolder1
 - QtConcurrent::SequenceHolder2
 - QtConcurrent::StoredConstMemberFunctionCall0
 - QtConcurrent::StoredConstMemberFunctionCall1
 - QtConcurrent::StoredConstMemberFunctionCall2
 - QtConcurrent::StoredConstMemberFunctionCall3
 - QtConcurrent::StoredConstMemberFunctionCall4
 - QtConcurrent::StoredConstMemberFunctionCall5
 - QtConcurrent::StoredConstMemberFunctionPointerCall0
 - QtConcurrent::StoredConstMemberFunctionPointerCall1
 - QtConcurrent::StoredConstMemberFunctionPointerCall2
 - QtConcurrent::StoredConstMemberFunctionPointerCall3
 - QtConcurrent::StoredConstMemberFunctionPointerCall4
 - QtConcurrent::StoredConstMemberFunctionPointerCall5
 - QtConcurrent::StoredFunctorCall0
 - QtConcurrent::StoredFunctorCall1
 - QtConcurrent::StoredFunctorCall2
 - QtConcurrent::StoredFunctorCall3
 - QtConcurrent::StoredFunctorCall4
 - QtConcurrent::StoredFunctorCall5
 - QtConcurrent::StoredFunctorPointerCall0
 - QtConcurrent::StoredFunctorPointerCall1
 - QtConcurrent::StoredFunctorPointerCall2
 - QtConcurrent::StoredFunctorPointerCall3
 - QtConcurrent::StoredFunctorPointerCall4
 - QtConcurrent::StoredFunctorPointerCall5
 - QtConcurrent::StoredMemberFunctionCall0
 - QtConcurrent::StoredMemberFunctionCall1
 - QtConcurrent::StoredMemberFunctionCall2
 - QtConcurrent::StoredMemberFunctionCall3
 - QtConcurrent::StoredMemberFunctionCall4
 - QtConcurrent::StoredMemberFunctionCall5
 - QtConcurrent::StoredMemberFunctionPointerCall0
 - QtConcurrent::StoredMemberFunctionPointerCall1
 - QtConcurrent::StoredMemberFunctionPointerCall2
 - QtConcurrent::StoredMemberFunctionPointerCall3
 - QtConcurrent::StoredMemberFunctionPointerCall4
 - QtConcurrent::StoredMemberFunctionPointerCall5
 - QtConcurrent::ThreadEngine
 - QtConcurrent::ThreadEngineBarrier
 - QtConcurrent::ThreadEngineBase
 - QtConcurrent::ThreadEngineStarter
 - QtConcurrent::ThreadEngineStarterBase
 - QtConcurrent::UnhandledException
 - QtConcurrent::VoidStoredConstMemberFunctionCall0
 - QtConcurrent::VoidStoredConstMemberFunctionCall1
 - QtConcurrent::VoidStoredConstMemberFunctionCall2
 - QtConcurrent::VoidStoredConstMemberFunctionCall3
 - QtConcurrent::VoidStoredConstMemberFunctionCall4
 - QtConcurrent::VoidStoredConstMemberFunctionCall5
 - QtConcurrent::VoidStoredConstMemberFunctionPointerCall0
 - QtConcurrent::VoidStoredConstMemberFunctionPointerCall1
 - QtConcurrent::VoidStoredConstMemberFunctionPointerCall2
 - QtConcurrent::VoidStoredConstMemberFunctionPointerCall3
 - QtConcurrent::VoidStoredConstMemberFunctionPointerCall4
 - QtConcurrent::VoidStoredConstMemberFunctionPointerCall5
 - QtConcurrent::VoidStoredFunctorCall0
 - QtConcurrent::VoidStoredFunctorCall1
 - QtConcurrent::VoidStoredFunctorCall2
 - QtConcurrent::VoidStoredFunctorCall3
 - QtConcurrent::VoidStoredFunctorCall4
 - QtConcurrent::VoidStoredFunctorCall5
 - QtConcurrent::VoidStoredFunctorPointerCall0
 - QtConcurrent::VoidStoredFunctorPointerCall1
 - QtConcurrent::VoidStoredFunctorPointerCall2
 - QtConcurrent::VoidStoredFunctorPointerCall3
 - QtConcurrent::VoidStoredFunctorPointerCall4
 - QtConcurrent::VoidStoredFunctorPointerCall5
 - QtConcurrent::VoidStoredMemberFunctionCall0
 - QtConcurrent::VoidStoredMemberFunctionCall1
 - QtConcurrent::VoidStoredMemberFunctionCall2
 - QtConcurrent::VoidStoredMemberFunctionCall3
 - QtConcurrent::VoidStoredMemberFunctionCall4
 - QtConcurrent::VoidStoredMemberFunctionCall5
 - QtConcurrent::VoidStoredMemberFunctionPointerCall0
 - QtConcurrent::VoidStoredMemberFunctionPointerCall1
 - QtConcurrent::VoidStoredMemberFunctionPointerCall2
 - QtConcurrent::VoidStoredMemberFunctionPointerCall3
 - QtConcurrent::VoidStoredMemberFunctionPointerCall4
 - QtConcurrent::VoidStoredMemberFunctionPointerCall5
 - QtConcurrent::internal
 - QtConcurrent::qValueType
 - QtPrivate
 - qGreater
 - qLess
 - std
************************************************************************

************************************************************************
Type redefined to not be a class
 - QBool
 - QByteRef
 - QThread
************************************************************************

************************************************************************
Unmatched argument type
************************************************************************

************************************************************************
Unmatched return type
************************************************************************

