************************************************************************
Not in type system
************************************************************************

************************************************************************
Generation disabled by type system
 - QAbstractAnimation::d_func
 - QAbstractEventDispatcher::d_func
 - QAbstractEventDispatcher::filterEvent
 - QAbstractEventDispatcher::setEventFilter
 - QAbstractFileEngine::d_func
 - QAbstractFileEngine::extension
 - QAbstractFileEngineIterator::entryInfo
 - QAbstractItemModel::d_func
 - QAbstractState::d_func
 - QAbstractTransition::d_func
 - QAnimationGroup::d_func
 - QBitArray::data_ptr
 - QBitArray::detach
 - QBitArray::isDetached
 - QBuffer::d_func
 - QByteArray::
 - QByteArray::data_ptr
 - QByteArray::detach
 - QByteArray::isDetached
 - QCoreApplication::compressEvent
 - QCoreApplication::d_func
 - QCoreApplication::filterEvent
 - QCoreApplication::setEventFilter
 - QDateTime::detach
 - QDir::d_func
 - QEventLoop::d_func
 - QEventTransition::d_func
 - QFSFileEngine::d_func
 - QFile::d_func
 - QFile::setDecodingFunction
 - QFile::setEncodingFunction
 - QFileInfo::d_func
 - QFileInfo::detach
 - QFileSystemWatcher::d_func
 - QFinalState::d_func
 - QFutureWatcherBase::d_func
 - QHistoryState::d_func
 - QIODevice::d_func
 - QList::begin
 - QList::constBegin
 - QList::constEnd
 - QList::detach
 - QList::end
 - QList::erase
 - QList::free
 - QList::fromSet
 - QList::insert
 - QList::isDetached
 - QList::node_construct
 - QList::node_copy
 - QList::node_destruct
 - QList::toSet
 - QLocale::d
 - QMimeData::d_func
 - QObject::connect
 - QObject::connectNotify
 - QObject::d_func
 - QObject::destroyed
 - QObject::disconnect
 - QObject::disconnectNotify
 - QObject::findChild
 - QObject::findChildren
 - QObject::receivers
 - QObject::registerUserData
 - QObject::sender
 - QObject::setUserData
 - QObject::userData
 - QParallelAnimationGroup::d_func
 - QPauseAnimation::d_func
 - QPersistentModelIndex::
 - QProcess::d_func
 - QProcess::pid
 - QPropertyAnimation::d_func
 - QScriptClass::d_func
 - QScriptClassPropertyIterator::d_func
 - QScriptContext::d_func
 - QScriptContextInfo::d_func
 - QScriptEngine::d_func
 - QScriptEngine::fromScriptValue
 - QScriptEngine::newFunction
 - QScriptEngine::newQMetaObject
 - QScriptEngine::registerCustomType
 - QScriptEngine::scriptValueFromQMetaObject
 - QScriptEngine::toScriptValue
 - QScriptEngineAgent::d_func
 - QScriptProgram::d_func
 - QScriptString::
 - QScriptString::d_func
 - QScriptSyntaxCheckResult::d_func
 - QScriptValue::d_func
 - QScriptValue::toQMetaObject
 - QScriptValueIterator::d_func
 - QScriptable::d_func
 - QSequentialAnimationGroup::d_func
 - QSettings::d_func
 - QSettings::registerFormat
 - QSignalMapper::d_func
 - QSignalTransition::d_func
 - QSocketNotifier::d_func
 - QState::d_func
 - QStateMachine::d_func
 - QTemporaryFile::d_func
 - QTextStream::d_func
 - QThreadPool::d_func
 - QTimeLine::d_func
 - QTimer::singleShot
 - QTranslator::d_func
 - QUrl::data_ptr
 - QUrl::detach
 - QUrl::isDetached
 - QUuid::
 - QVariantAnimation::d_func
 - QVector::back
 - QVector::begin
 - QVector::constBegin
 - QVector::constEnd
 - QVector::detach
 - QVector::end
 - QVector::erase
 - QVector::free
 - QVector::front
 - QVector::insert
 - QVector::isDetached
 - QVector::malloc
 - QVector::operator+=
 - QtConcurrent::operator|
************************************************************************

************************************************************************
Type redefined to not be a class
************************************************************************

************************************************************************
Unmatched argument type
 - QAbstractAnimation::QAbstractAnimation
 - QAbstractEventDispatcher::QAbstractEventDispatcher
 - QAbstractFileEngine::QAbstractFileEngine
 - QAbstractItemModel::QAbstractItemModel
 - QAbstractListModel::QAbstractListModel
 - QAbstractState::QAbstractState
 - QAbstractTransition::QAbstractTransition
 - QAnimationGroup::QAnimationGroup
 - QByteArray::QByteArray
 - QCoreApplication::QCoreApplication
 - QDataStream::setByteOrder
 - QEventTransition::QEventTransition
 - QFSFileEngine::QFSFileEngine
 - QFSFileEngine::extension
 - QFSFileEngine::open
 - QFile::QFile
 - QFile::open
 - QFuture::QFuture
 - QIODevice::QIODevice
 - QObject::QObject
 - QParallelAnimationGroup::QParallelAnimationGroup
 - QScriptClass::QScriptClass
 - QScriptClassPropertyIterator::QScriptClassPropertyIterator
 - QScriptEngine::QScriptEngine
 - QScriptEngineAgent::QScriptEngineAgent
 - QScriptSyntaxCheckResult::QScriptSyntaxCheckResult
 - QScriptValue::QScriptValue
 - QSequentialAnimationGroup::QSequentialAnimationGroup
 - QSignalMapper::mapped
 - QSignalMapper::mapping
 - QSignalMapper::setMapping
 - QState::QState
 - QStateMachine::QStateMachine
 - QTextStream::QTextStream
 - QVariantAnimation::QVariantAnimation
 - QVariantAnimation::registerInterpolator
 - QtConcurrent::advance
 - QtConcurrent::blockingFilter
 - QtConcurrent::blockingMap
 - QtConcurrent::filter
 - QtConcurrent::filtered
 - QtConcurrent::filteredReduced
 - QtConcurrent::map
 - QtConcurrent::mapped
 - QtConcurrent::mappedReduced
 - QtConcurrent::run
 - QtConcurrent::selectIteration
************************************************************************

************************************************************************
Unmatched return type
 - QDataStream::byteOrder
 - QFuture::begin
 - QFuture::constBegin
 - QFuture::constEnd
 - QFuture::end
 - QFutureWatcher::futureInterface
 - QFutureWatcherBase::futureInterface
 - QtConcurrent::blockingFiltered
 - QtConcurrent::blockingFilteredReduced
 - QtConcurrent::blockingMapped
 - QtConcurrent::blockingMappedReduced
 - QtConcurrent::filterInternal
 - QtConcurrent::startFiltered
 - QtConcurrent::startFilteredReduced
 - QtConcurrent::startMap
 - QtConcurrent::startMapped
 - QtConcurrent::startMappedReduced
 - QtConcurrent::startThreadEngine
************************************************************************

