************************************************************************
Not in type system
************************************************************************

************************************************************************
Generation disabled by type system
 - QAbstractFileEngine::d_ptr
 - QDir::d_ptr
 - QEvent::d
 - QFileInfo::d_ptr
 - QFuture::d
 - QObject::d_ptr
 - QScriptClass::d_ptr
 - QScriptClassPropertyIterator::d_ptr
 - QScriptEngineAgent::d_ptr
 - QTextCodec::ConverterState::d
************************************************************************

************************************************************************
Type redefined to not be a class
************************************************************************

************************************************************************
Unmatched argument type
************************************************************************

************************************************************************
Unmatched return type
************************************************************************

